<?xml version="1.0" encoding="UTF-8"?>
<!-- Generated by org.testng.reporters.JUnitReportReporter -->
<testsuite hostname="DESKTOP-11TB789" failures="0" tests="1" name="com.hrms.testscripts.TC001" time="31.617" errors="0" timestamp="11 Sep 2023 10:56:35 GMT">
  <testcase classname="com.hrms.testscripts.TC001" name="tc001" time="31.617"/>
</testsuite> <!-- com.hrms.testscripts.TC001 -->
